Traceback (most recent call last):
  File "/opt/hostedtoolcache/Python/3.10.17/x64/lib/python3.10/site-packages/jupyter_cache/executors/utils.py", line 58, in single_nb_execution
    executenb(
  File "/opt/hostedtoolcache/Python/3.10.17/x64/lib/python3.10/site-packages/nbclient/client.py", line 1319, in execute
    return NotebookClient(nb=nb, resources=resources, km=km, **kwargs).execute()
  File "/opt/hostedtoolcache/Python/3.10.17/x64/lib/python3.10/site-packages/jupyter_core/utils/__init__.py", line 165, in wrapped
    return loop.run_until_complete(inner)
  File "/opt/hostedtoolcache/Python/3.10.17/x64/lib/python3.10/asyncio/base_events.py", line 649, in run_until_complete
    return future.result()
  File "/opt/hostedtoolcache/Python/3.10.17/x64/lib/python3.10/site-packages/nbclient/client.py", line 709, in async_execute
    await self.async_execute_cell(
  File "/opt/hostedtoolcache/Python/3.10.17/x64/lib/python3.10/site-packages/nbclient/client.py", line 1062, in async_execute_cell
    await self._check_raise_for_error(cell, cell_index, exec_reply)
  File "/opt/hostedtoolcache/Python/3.10.17/x64/lib/python3.10/site-packages/nbclient/client.py", line 918, in _check_raise_for_error
    raise CellExecutionError.from_cell_and_msg(cell, exec_reply_content)
nbclient.exceptions.CellExecutionError: An error occurred while executing the following cell:
------------------
import plcoding
# æ¯”ç‰¹ç¿»è½¬æ¦‚çŽ‡
flip_prob = 0.11
# ä¿¡é“å®¹é‡=1-å™ªå£°ç†µ
channel_cap = 1 - plcoding.h2_of(flip_prob)
print(f"æ¯”ç‰¹ç¿»è½¬æ¦‚çŽ‡ä¸º{flip_prob:.2f}æ—¶ï¼Œä¿¡é“å®¹é‡ä¸º{channel_cap:.2f}[bit]")
------------------


[0;31m---------------------------------------------------------------------------[0m
[0;31mModuleNotFoundError[0m                       Traceback (most recent call last)
Cell [0;32mIn[1], line 1[0m
[0;32m----> 1[0m [38;5;28;01mimport[39;00m[38;5;250m [39m[38;5;21;01mplcoding[39;00m
[1;32m      2[0m [38;5;66;03m# æ¯”ç‰¹ç¿»è½¬æ¦‚çŽ‡[39;00m
[1;32m      3[0m flip_prob [38;5;241m=[39m [38;5;241m0.11[39m

[0;31mModuleNotFoundError[0m: No module named 'plcoding'

